#
# There is insufficient memory for the Java Runtime Environment to continue.
# Native memory allocation (malloc) failed to allocate 1266896 bytes for Chunk::new
# Possible reasons:
#   The system is out of physical RAM or swap space
#   In 32 bit mode, the process size limit was hit
# Possible solutions:
#   Reduce memory load on the system
#   Increase physical memory or swap space
#   Check if swap backing store is full
#   Use 64 bit Java on a 64 bit OS
#   Decrease Java heap size (-Xmx/-Xms)
#   Decrease number of Java threads
#   Decrease Java thread stack sizes (-Xss)
#   Set larger code cache with -XX:ReservedCodeCacheSize=
# This output file may be truncated or incomplete.
#
#  Out of Memory Error (allocation.cpp:390), pid=10148, tid=9240
#
# JRE version: Java(TM) SE Runtime Environment (8.0_45-b15) (build 1.8.0_45-b15)
# Java VM: Java HotSpot(TM) 64-Bit Server VM (25.45-b02 mixed mode windows-amd64 compressed oops)
# Failed to write core dump. Minidumps are not enabled by default on client versions of Windows
#

---------------  T H R E A D  ---------------

Current thread (0x00000000144e2000):  JavaThread "C2 CompilerThread1" daemon [_thread_in_native, id=9240, stack(0x0000000015b30000,0x0000000015c30000)]

Stack: [0x0000000015b30000,0x0000000015c30000]
Native frames: (J=compiled Java code, j=interpreted, Vv=VM code, C=native code)
V  [jvm.dll+0x32b57a]


Current CompileTask:
C2:   4646 1954   !   4       com.android.dx.cf.code.RopperMachine::run (1550 bytes)


---------------  P R O C E S S  ---------------

Java Threads: ( => current thread )
  0x0000000015fd1000 JavaThread "pool-1-thread-4" [_thread_in_Java, id=7352, stack(0x0000000016730000,0x0000000016830000)]
  0x0000000015fc2000 JavaThread "pool-1-thread-2" [_thread_in_Java, id=10212, stack(0x0000000016530000,0x0000000016630000)]
  0x0000000015f98800 JavaThread "pool-2-thread-1" [_thread_blocked, id=5424, stack(0x0000000016430000,0x0000000016530000)]
  0x0000000015d58800 JavaThread "Service Thread" daemon [_thread_blocked, id=6184, stack(0x0000000016130000,0x0000000016230000)]
  0x00000000144e8800 JavaThread "C1 CompilerThread2" daemon [_thread_blocked, id=4064, stack(0x0000000015c30000,0x0000000015d30000)]
=>0x00000000144e2000 JavaThread "C2 CompilerThread1" daemon [_thread_in_native, id=9240, stack(0x0000000015b30000,0x0000000015c30000)]
  0x00000000144de800 JavaThread "C2 CompilerThread0" daemon [_thread_in_native, id=4072, stack(0x0000000015a30000,0x0000000015b30000)]
  0x00000000144db000 JavaThread "Attach Listener" daemon [_thread_blocked, id=9864, stack(0x0000000015930000,0x0000000015a30000)]
  0x00000000144d9800 JavaThread "Signal Dispatcher" daemon [_thread_blocked, id=2980, stack(0x0000000015830000,0x0000000015930000)]
  0x0000000001de6000 JavaThread "Finalizer" daemon [_thread_blocked, id=8428, stack(0x0000000015730000,0x0000000015830000)]
  0x0000000001ddd800 JavaThread "Reference Handler" daemon [_thread_blocked, id=8012, stack(0x0000000015630000,0x0000000015730000)]
  0x0000000001cf0800 JavaThread "main" [_thread_blocked, id=5016, stack(0x0000000001bf0000,0x0000000001cf0000)]

Other Threads:
  0x00000000144a7800 VMThread [stack: 0x0000000015530000,0x0000000015630000] [id=8920]
  0x000000001453c800 WatcherThread [stack: 0x0000000016230000,0x0000000016330000] [id=4408]

VM state:not at safepoint (normal execution)

VM Mutex/Monitor currently owned by a thread: None

Heap:
 PSYoungGen      total 71680K, used 70621K [0x00000000eab00000, 0x00000000ef600000, 0x0000000100000000)
  eden space 66560K, 98% used [0x00000000eab00000,0x00000000eeafec98,0x00000000eec00000)
  from space 5120K, 99% used [0x00000000ef100000,0x00000000ef5f8928,0x00000000ef600000)
  to   space 5120K, 0% used [0x00000000eec00000,0x00000000eec00000,0x00000000ef100000)
 ParOldGen       total 87552K, used 16981K [0x00000000c0000000, 0x00000000c5580000, 0x00000000eab00000)
  object space 87552K, 19% used [0x00000000c0000000,0x00000000c1095400,0x00000000c5580000)
 Metaspace       used 6240K, capacity 7088K, committed 7296K, reserved 1056768K
  class space    used 589K, capacity 616K, committed 640K, reserved 1048576K

Card table byte_map: [0x00000000111b0000,0x00000000113c0000] byte_map_base: 0x0000000010bb0000

Marking Bits: (ParMarkBitMap*) 0x0000000077f74040
 Begin Bits: [0x0000000011920000, 0x0000000012920000)
 End Bits:   [0x0000000012920000, 0x0000000013920000)

Polling page: 0x0000000000370000

CodeCache: size=245760Kb used=8371Kb max_used=8371Kb free=237388Kb
 bounds [0x0000000001df0000, 0x0000000002630000, 0x0000000010df0000]
 total_blobs=2110 nmethods=1840 adapters=182
 compilation: enabled

Compilation events (10 events):
Event: 4.545 Thread 0x00000000144e8800 1963       2       com.android.dx.ssa.SsaBasicBlock::scheduleUseBeforeAssigned (389 bytes)
Event: 4.548 Thread 0x00000000144e8800 nmethod 1963 0x0000000002626090 code [0x0000000002626520, 0x0000000002627a88]
Event: 4.551 Thread 0x00000000144e8800 1965       1       com.android.dx.ssa.LiteralOpUpgrader$1::visitPhiInsn (1 bytes)
Event: 4.551 Thread 0x00000000144e8800 nmethod 1965 0x00000000025b9910 code [0x00000000025b9a60, 0x00000000025b9b70]
Event: 4.555 Thread 0x00000000144e8800 1967       2       java.util.Vector::grow (57 bytes)
Event: 4.555 Thread 0x00000000144e8800 nmethod 1967 0x00000000025d5610 code [0x00000000025d5780, 0x00000000025d5a18]
Event: 4.560 Thread 0x00000000144e8800 1969       2       com.android.dx.rop.code.Rops::opAnd (21 bytes)
Event: 4.560 Thread 0x00000000144e8800 nmethod 1969 0x00000000025d5250 code [0x00000000025d53c0, 0x00000000025d5568]
Event: 4.561 Thread 0x00000000144e8800 1970       2       com.android.dx.ssa.SsaConverter::edgeSplitMoveExceptionsAndResults (157 bytes)
Event: 4.563 Thread 0x00000000144e8800 nmethod 1970 0x000000000260c610 code [0x000000000260c8c0, 0x000000000260d208]

GC Heap History (8 events):
Event: 1.100 GC heap before
{Heap before GC invocations=1 (full 0):
 PSYoungGen      total 38400K, used 33280K [0x00000000eab00000, 0x00000000ed580000, 0x0000000100000000)
  eden space 33280K, 100% used [0x00000000eab00000,0x00000000ecb80000,0x00000000ecb80000)
  from space 5120K, 0% used [0x00000000ed080000,0x00000000ed080000,0x00000000ed580000)
  to   space 5120K, 0% used [0x00000000ecb80000,0x00000000ecb80000,0x00000000ed080000)
 ParOldGen       total 87552K, used 0K [0x00000000c0000000, 0x00000000c5580000, 0x00000000eab00000)
  object space 87552K, 0% used [0x00000000c0000000,0x00000000c0000000,0x00000000c5580000)
 Metaspace       used 5985K, capacity 6960K, committed 7040K, reserved 1056768K
  class space    used 586K, capacity 616K, committed 640K, reserved 1048576K
Event: 1.110 GC heap after
Heap after GC invocations=1 (full 0):
 PSYoungGen      total 38400K, used 5116K [0x00000000eab00000, 0x00000000ed580000, 0x0000000100000000)
  eden space 33280K, 0% used [0x00000000eab00000,0x00000000eab00000,0x00000000ecb80000)
  from space 5120K, 99% used [0x00000000ecb80000,0x00000000ed07f098,0x00000000ed080000)
  to   space 5120K, 0% used [0x00000000ed080000,0x00000000ed080000,0x00000000ed580000)
 ParOldGen       total 87552K, used 1501K [0x00000000c0000000, 0x00000000c5580000, 0x00000000eab00000)
  object space 87552K, 1% used [0x00000000c0000000,0x00000000c0177608,0x00000000c5580000)
 Metaspace       used 5985K, capacity 6960K, committed 7040K, reserved 1056768K
  class space    used 586K, capacity 616K, committed 640K, reserved 1048576K
}
Event: 1.580 GC heap before
{Heap before GC invocations=2 (full 0):
 PSYoungGen      total 38400K, used 38396K [0x00000000eab00000, 0x00000000ed580000, 0x0000000100000000)
  eden space 33280K, 100% used [0x00000000eab00000,0x00000000ecb80000,0x00000000ecb80000)
  from space 5120K, 99% used [0x00000000ecb80000,0x00000000ed07f098,0x00000000ed080000)
  to   space 5120K, 0% used [0x00000000ed080000,0x00000000ed080000,0x00000000ed580000)
 ParOldGen       total 87552K, used 1501K [0x00000000c0000000, 0x00000000c5580000, 0x00000000eab00000)
  object space 87552K, 1% used [0x00000000c0000000,0x00000000c0177608,0x00000000c5580000)
 Metaspace       used 6111K, capacity 7024K, committed 7296K, reserved 1056768K
  class space    used 587K, capacity 616K, committed 640K, reserved 1048576K
Event: 1.612 GC heap after
Heap after GC invocations=2 (full 0):
 PSYoungGen      total 38400K, used 5109K [0x00000000eab00000, 0x00000000ef600000, 0x0000000100000000)
  eden space 33280K, 0% used [0x00000000eab00000,0x00000000eab00000,0x00000000ecb80000)
  from space 5120K, 99% used [0x00000000ed080000,0x00000000ed57d4f0,0x00000000ed580000)
  to   space 5120K, 0% used [0x00000000ecb80000,0x00000000ecb80000,0x00000000ed080000)
 ParOldGen       total 87552K, used 6024K [0x00000000c0000000, 0x00000000c5580000, 0x00000000eab00000)
  object space 87552K, 6% used [0x00000000c0000000,0x00000000c05e23f0,0x00000000c5580000)
 Metaspace       used 6111K, capacity 7024K, committed 7296K, reserved 1056768K
  class space    used 587K, capacity 616K, committed 640K, reserved 1048576K
}
Event: 1.920 GC heap before
{Heap before GC invocations=3 (full 0):
 PSYoungGen      total 38400K, used 38389K [0x00000000eab00000, 0x00000000ef600000, 0x0000000100000000)
  eden space 33280K, 100% used [0x00000000eab00000,0x00000000ecb80000,0x00000000ecb80000)
  from space 5120K, 99% used [0x00000000ed080000,0x00000000ed57d4f0,0x00000000ed580000)
  to   space 5120K, 0% used [0x00000000ecb80000,0x00000000ecb80000,0x00000000ed080000)
 ParOldGen       total 87552K, used 6024K [0x00000000c0000000, 0x00000000c5580000, 0x00000000eab00000)
  object space 87552K, 6% used [0x00000000c0000000,0x00000000c05e23f0,0x00000000c5580000)
 Metaspace       used 6168K, capacity 7088K, committed 7296K, reserved 1056768K
  class space    used 587K, capacity 616K, committed 640K, reserved 1048576K
Event: 1.966 GC heap after
Heap after GC invocations=3 (full 0):
 PSYoungGen      total 38400K, used 5097K [0x00000000eab00000, 0x00000000ef600000, 0x0000000100000000)
  eden space 33280K, 0% used [0x00000000eab00000,0x00000000eab00000,0x00000000ecb80000)
  from space 5120K, 99% used [0x00000000ecb80000,0x00000000ed07a4e0,0x00000000ed080000)
  to   space 5120K, 0% used [0x00000000ef100000,0x00000000ef100000,0x00000000ef600000)
 ParOldGen       total 87552K, used 11366K [0x00000000c0000000, 0x00000000c5580000, 0x00000000eab00000)
  object space 87552K, 12% used [0x00000000c0000000,0x00000000c0b19b78,0x00000000c5580000)
 Metaspace       used 6168K, capacity 7088K, committed 7296K, reserved 1056768K
  class space    used 587K, capacity 616K, committed 640K, reserved 1048576K
}
Event: 2.715 GC heap before
{Heap before GC invocations=4 (full 0):
 PSYoungGen      total 38400K, used 38377K [0x00000000eab00000, 0x00000000ef600000, 0x0000000100000000)
  eden space 33280K, 100% used [0x00000000eab00000,0x00000000ecb80000,0x00000000ecb80000)
  from space 5120K, 99% used [0x00000000ecb80000,0x00000000ed07a4e0,0x00000000ed080000)
  to   space 5120K, 0% used [0x00000000ef100000,0x00000000ef100000,0x00000000ef600000)
 ParOldGen       total 87552K, used 11366K [0x00000000c0000000, 0x00000000c5580000, 0x00000000eab00000)
  object space 87552K, 12% used [0x00000000c0000000,0x00000000c0b19b78,0x00000000c5580000)
 Metaspace       used 6210K, capacity 7088K, committed 7296K, reserved 1056768K
  class space    used 587K, capacity 616K, committed 640K, reserved 1048576K
Event: 2.815 GC heap after
Heap after GC invocations=4 (full 0):
 PSYoungGen      total 71680K, used 5090K [0x00000000eab00000, 0x00000000ef600000, 0x0000000100000000)
  eden space 66560K, 0% used [0x00000000eab00000,0x00000000eab00000,0x00000000eec00000)
  from space 5120K, 99% used [0x00000000ef100000,0x00000000ef5f8928,0x00000000ef600000)
  to   space 5120K, 0% used [0x00000000eec00000,0x00000000eec00000,0x00000000ef100000)
 ParOldGen       total 87552K, used 16981K [0x00000000c0000000, 0x00000000c5580000, 0x00000000eab00000)
  object space 87552K, 19% used [0x00000000c0000000,0x00000000c1095400,0x00000000c5580000)
 Metaspace       used 6210K, capacity 7088K, committed 7296K, reserved 1056768K
  class space    used 587K, capacity 616K, committed 640K, reserved 1048576K
}

Deoptimization events (10 events):
Event: 2.877 Thread 0x0000000015f97800 Uncommon trap: reason=bimorphic action=maybe_recompile pc=0x00000000024547d8 method=com.android.dx.ssa.LiteralOpUpgrader.tryReplacingWithConstant(Lcom/android/dx/ssa/NormalSsaInsn;)Z @ 52
Event: 2.880 Thread 0x0000000015fc3800 Uncommon trap: reason=unstable_if action=reinterpret pc=0x00000000023b7b04 method=java.util.HashMap.putVal(ILjava/lang/Object;Ljava/lang/Object;ZZ)Ljava/lang/Object; @ 162
Event: 2.882 Thread 0x0000000015fc3800 Uncommon trap: reason=bimorphic action=maybe_recompile pc=0x00000000024547d8 method=com.android.dx.ssa.LiteralOpUpgrader.tryReplacingWithConstant(Lcom/android/dx/ssa/NormalSsaInsn;)Z @ 52
Event: 2.888 Thread 0x0000000015f97800 Uncommon trap: reason=class_check action=maybe_recompile pc=0x00000000024c76b0 method=com.android.dx.cf.code.RopperMachine.run(Lcom/android/dx/cf/code/Frame;II)V @ 1024
Event: 3.509 Thread 0x0000000015fc2000 Uncommon trap: reason=class_check action=maybe_recompile pc=0x00000000024c76b0 method=com.android.dx.cf.code.RopperMachine.run(Lcom/android/dx/cf/code/Frame;II)V @ 1024
Event: 3.546 Thread 0x0000000015fc2000 Uncommon trap: reason=class_check action=maybe_recompile pc=0x00000000024c76b0 method=com.android.dx.cf.code.RopperMachine.run(Lcom/android/dx/cf/code/Frame;II)V @ 1024
Event: 4.289 Thread 0x0000000015fc2000 Uncommon trap: reason=unstable_if action=reinterpret pc=0x0000000002571e54 method=com.android.dx.cf.code.BytecodeArray.parseInstruction(ILcom/android/dx/cf/code/BytecodeArray$Visitor;)I @ 1261
Event: 4.297 Thread 0x0000000015fc2000 Uncommon trap: reason=unstable_if action=reinterpret pc=0x00000000024e5bfc method=com.android.dx.ssa.SCCP.simulateStmt(Lcom/android/dx/ssa/SsaInsn;)V @ 435
Event: 4.298 Thread 0x0000000015fc2000 Uncommon trap: reason=bimorphic action=maybe_recompile pc=0x000000000207e008 method=java.util.HashMap.getNode(ILjava/lang/Object;)Ljava/util/HashMap$Node; @ 126
Event: 4.298 Thread 0x0000000015fc2000 Uncommon trap: reason=bimorphic action=maybe_recompile pc=0x000000000207e008 method=java.util.HashMap.getNode(ILjava/lang/Object;)Ljava/util/HashMap$Node; @ 126

Internal exceptions (3 events):
Event: 0.033 Thread 0x0000000001cf0800 Exception <a 'java/lang/NoSuchMethodError': Method sun.misc.Unsafe.defineClass(Ljava/lang/String;[BII)Ljava/lang/Class; name or signature does not match> (0x00000000eab12f50) thrown at [C:\re\workspace\8-2-build-windows-amd64-cygwin\jdk8u45\3627\hotspot\sr®&T9ýÎ ?
Event: 0.033 Thread 0x0000000001cf0800 Exception <a 'java/lang/NoSuchMethodError': Method sun.misc.Unsafe.prefetchRead(Ljava/lang/Object;J)V name or signature does not match> (0x00000000eab131e0) thrown at [C:\re\workspace\8-2-build-windows-amd64-cygwin\jdk8u45\3627\hotspot\src\share\vm\prims\jQ<:NUiç?
Event: 0.732 Thread 0x0000000015fc2000 Implicit null exception at 0x0000000002109fb8 to 0x000000000210c395

Events (10 events):
Event: 4.298 Thread 0x0000000015fc2000 DEOPT UNPACKING pc=0x0000000001e3582a sp=0x000000001662e680 mode 2
Event: 4.298 Thread 0x0000000015fc2000 Uncommon trap: trap_request=0xffffffc6 fr.pc=0x000000000207e008
Event: 4.298 Thread 0x0000000015fc2000 DEOPT PACKING pc=0x000000000207e008 sp=0x000000001662e700
Event: 4.298 Thread 0x0000000015fc2000 DEOPT UNPACKING pc=0x0000000001e3582a sp=0x000000001662e680 mode 2
Event: 4.406 Thread 0x0000000015fc2000 DEOPT PACKING pc=0x000000000217e5fd sp=0x000000001662ea70
Event: 4.406 Thread 0x0000000015fc2000 DEOPT UNPACKING pc=0x0000000001e3787f sp=0x000000001662e810 mode 0
Event: 4.538 Thread 0x0000000015fc2000 DEOPT PACKING pc=0x0000000002155a4c sp=0x000000001662e9d0
Event: 4.538 Thread 0x0000000015fc2000 DEOPT UNPACKING pc=0x0000000001e3787f sp=0x000000001662e6e8 mode 0
Event: 4.563 Thread 0x0000000015fc2000 DEOPT PACKING pc=0x00000000022626fd sp=0x000000001662ea40
Event: 4.563 Thread 0x0000000015fc2000 DEOPT UNPACKING pc=0x0000000001e3787f sp=0x000000001662e778 mode 0


Dynamic libraries:
0x00007ff61e400000 - 0x00007ff61e437000 	C:\Program Files\Java\jdk1.8.0_45\bin\java.exe
0x00007ffbf0240000 - 0x00007ffbf03ec000 	C:\Windows\SYSTEM32\ntdll.dll
0x00007ffbefe70000 - 0x00007ffbeffae000 	C:\Windows\system32\KERNEL32.DLL
0x00007ffbed5d0000 - 0x00007ffbed6e5000 	C:\Windows\system32\KERNELBASE.dll
0x00007ffbebf40000 - 0x00007ffbebfce000 	C:\Windows\system32\apphelp.dll
0x00007ffbdf220000 - 0x00007ffbdf273000 	C:\Windows\AppPatch\AppPatch64\AcGenral.DLL
0x00007ffbefd00000 - 0x00007ffbefdaa000 	C:\Windows\system32\msvcrt.dll
0x00007ffbed1d0000 - 0x00007ffbed1fe000 	C:\Windows\SYSTEM32\SspiCli.dll
0x00007ffbeddb0000 - 0x00007ffbede04000 	C:\Windows\system32\SHLWAPI.dll
0x00007ffbf0050000 - 0x00007ffbf01c7000 	C:\Windows\system32\USER32.dll
0x00007ffbef670000 - 0x00007ffbef804000 	C:\Windows\system32\ole32.dll
0x00007ffbee000000 - 0x00007ffbef519000 	C:\Windows\system32\SHELL32.dll
0x00007ffbec940000 - 0x00007ffbec961000 	C:\Windows\SYSTEM32\USERENV.dll
0x00007ffbedf50000 - 0x00007ffbedffa000 	C:\Windows\system32\ADVAPI32.dll
0x00007ffbde2a0000 - 0x00007ffbde2be000 	C:\Windows\SYSTEM32\MPR.dll
0x00007ffbedc60000 - 0x00007ffbedda1000 	C:\Windows\system32\RPCRT4.dll
0x00007ffbef550000 - 0x00007ffbef5a9000 	C:\Windows\SYSTEM32\sechost.dll
0x00007ffbefae0000 - 0x00007ffbefcf1000 	C:\Windows\SYSTEM32\combase.dll
0x00007ffbef990000 - 0x00007ffbefae0000 	C:\Windows\system32\GDI32.dll
0x00007ffbed350000 - 0x00007ffbed365000 	C:\Windows\SYSTEM32\profapi.dll
0x00007ffbebe30000 - 0x00007ffbebee2000 	C:\Windows\SYSTEM32\SHCORE.dll
0x00007ffbf0010000 - 0x00007ffbf0046000 	C:\Windows\system32\IMM32.DLL
0x00007ffbef830000 - 0x00007ffbef982000 	C:\Windows\system32\MSCTF.dll
0x00007ffbe9fa0000 - 0x00007ffbea21a000 	C:\Windows\WinSxS\amd64_microsoft.windows.common-controls_6595b64144ccf1df_6.0.9600.17810_none_6240b9c7ecbd0bda\COMCTL32.dll
0x00000000502b0000 - 0x0000000050382000 	C:\Program Files\Java\jdk1.8.0_45\jre\bin\msvcr100.dll
0x0000000077770000 - 0x0000000077ff3000 	C:\Program Files\Java\jdk1.8.0_45\jre\bin\server\jvm.dll
0x00007ffbe3f50000 - 0x00007ffbe3f59000 	C:\Windows\SYSTEM32\WSOCK32.dll
0x00007ffbeb080000 - 0x00007ffbeb0a2000 	C:\Windows\SYSTEM32\WINMM.dll
0x00007ffbeb0b0000 - 0x00007ffbeb0ba000 	C:\Windows\SYSTEM32\VERSION.dll
0x00007ffbedee0000 - 0x00007ffbedee7000 	C:\Windows\system32\PSAPI.DLL
0x00007ffbedef0000 - 0x00007ffbedf4a000 	C:\Windows\system32\WS2_32.dll
0x00007ffbea980000 - 0x00007ffbea9aa000 	C:\Windows\SYSTEM32\WINMMBASE.dll
0x00007ffbef540000 - 0x00007ffbef549000 	C:\Windows\system32\NSI.dll
0x00007ffbed470000 - 0x00007ffbed4bf000 	C:\Windows\SYSTEM32\cfgmgr32.dll
0x00007ffbec1a0000 - 0x00007ffbec1c8000 	C:\Windows\SYSTEM32\DEVOBJ.dll
0x0000000052e00000 - 0x0000000052e0f000 	C:\Program Files\Java\jdk1.8.0_45\jre\bin\verify.dll
0x00000000506d0000 - 0x00000000506f9000 	C:\Program Files\Java\jdk1.8.0_45\jre\bin\java.dll
0x0000000052de0000 - 0x0000000052df6000 	C:\Program Files\Java\jdk1.8.0_45\jre\bin\zip.dll

VM Arguments:
jvm_args: -Xmx1024M -Dfile.encoding=windows-1250 -Duser.country=PL -Duser.language=pl -Duser.variant 
java_command: com.android.dx.command.Main --dex --num-threads=4 --output C:\Users\Stanis³aw\AndroidStudioProjects\Currencybrowser\app\build\intermediates\pre-dexed\debug\cglib-nodep-2.2-ca886a31259a5cc70852244f8eae08659678ff74.jar C:\Users\Stanis³aw\.gradle\caches\modules-2\files-2.1\cglib\cglib-nodep\2.2\59afed7ab65e7ec6585d5bc60556c3cbd203532b\cglib-nodep-2.2.jar
java_class_path (initial): C:\Users\Stanis³aw\AppData\Local\Android\sdk\build-tools\23.0.0-preview\lib\dx.jar
Launcher Type: SUN_STANDARD

Environment Variables:
JAVA_HOME=C:\Program Files\Java\jdk1.8.0_45
PATH=C:\ProgramData\Oracle\Java\javapath;C:\Program Files (x86)\NVIDIA Corporation\PhysX\Common;C:\Program Files (x86)\Intel\iCLS Client\;C:\Program Files\Intel\iCLS Client\;C:\Windows\system32;C:\Windows;C:\Windows\System32\Wbem;C:\Windows\System32\WindowsPowerShell\v1.0\;C:\Program Files\Intel\Intel(R) Management Engine Components\DAL;C:\Program Files\Intel\Intel(R) Management Engine Components\IPT;C:\Program Files (x86)\Intel\Intel(R) Management Engine Components\DAL;C:\Program Files (x86)\Intel\Intel(R) Management Engine Components\IPT;C:\Program Files (x86)\Skype\Phone\;C:\Program Files (x86)\Microsoft SQL Server\100\Tools\Binn\;C:\Program Files\Microsoft SQL Server\100\Tools\Binn\;C:\Program Files\Microsoft SQL Server\100\DTS\Binn\;C:\Program Files (x86)\Microsoft SQL Server\80\Tools\Binn\;C:\Program Files\TortoiseSVN\bin;C:\Program Files (x86)\Git\cmd;C:\Ruby22\bin
USERNAME=Stanis³aw
OS=Windows_NT
PROCESSOR_IDENTIFIER=Intel64 Family 6 Model 69 Stepping 1, GenuineIntel



---------------  S Y S T E M  ---------------

OS: Windows 8.1 , 64 bit Build 9600 (6.3.9600.17415)

CPU:total 4 (2 cores per cpu, 2 threads per core) family 6 model 69 stepping 1, cmov, cx8, fxsr, mmx, sse, sse2, sse3, ssse3, sse4.1, sse4.2, popcnt, avx, avx2, aes, clmul, erms, lzcnt, ht, tsc, tscinvbit, bmi1, bmi2

Memory: 4k page, physical 8277272k(969404k free), swap 11685144k(10100k free)

vm_info: Java HotSpot(TM) 64-Bit Server VM (25.45-b02) for windows-amd64 JRE (1.8.0_45-b15), built on Apr 30 2015 12:40:44 by "java_re" with MS VC++ 10.0 (VS2010)

time: Wed Aug 05 17:23:16 2015
elapsed time: 4 seconds (0d 0h 0m 4s)

