#
# There is insufficient memory for the Java Runtime Environment to continue.
# Native memory allocation (malloc) failed to allocate 643216 bytes for Chunk::new
# Possible reasons:
#   The system is out of physical RAM or swap space
#   In 32 bit mode, the process size limit was hit
# Possible solutions:
#   Reduce memory load on the system
#   Increase physical memory or swap space
#   Check if swap backing store is full
#   Use 64 bit Java on a 64 bit OS
#   Decrease Java heap size (-Xmx/-Xms)
#   Decrease number of Java threads
#   Decrease Java thread stack sizes (-Xss)
#   Set larger code cache with -XX:ReservedCodeCacheSize=
# This output file may be truncated or incomplete.
#
#  Out of Memory Error (allocation.cpp:390), pid=5464, tid=8292
#
# JRE version: Java(TM) SE Runtime Environment (8.0_45-b15) (build 1.8.0_45-b15)
# Java VM: Java HotSpot(TM) 64-Bit Server VM (25.45-b02 mixed mode windows-amd64 compressed oops)
# Failed to write core dump. Minidumps are not enabled by default on client versions of Windows
#

---------------  T H R E A D  ---------------

Current thread (0x0000000014b18000):  JavaThread "C2 CompilerThread1" daemon [_thread_in_native, id=8292, stack(0x0000000016120000,0x0000000016220000)]

Stack: [0x0000000016120000,0x0000000016220000]
Native frames: (J=compiled Java code, j=interpreted, Vv=VM code, C=native code)
V  [jvm.dll+0x32b57a]
V  [jvm.dll+0x279873]
V  [jvm.dll+0x27a509]
V  [jvm.dll+0x271825]
V  [jvm.dll+0xcb9e2]
V  [jvm.dll+0xcbeac]
V  [jvm.dll+0x476ef2]
V  [jvm.dll+0x4b955f]
V  [jvm.dll+0x46baa8]
V  [jvm.dll+0x46ccbe]
V  [jvm.dll+0x4500f2]
V  [jvm.dll+0xa4352]
V  [jvm.dll+0xa4c8f]
V  [jvm.dll+0x241984]
V  [jvm.dll+0x29853a]
C  [msvcr100.dll+0x21d9f]
C  [msvcr100.dll+0x21e3b]
C  [KERNEL32.DLL+0x13d2]
C  [ntdll.dll+0x15444]


Current CompileTask:
C2:   5474 1288       4       com.android.dx.ssa.SCCP::simulateBranch (666 bytes)


---------------  P R O C E S S  ---------------

Java Threads: ( => current thread )
  0x000000001649b000 JavaThread "pool-1-thread-4" [_thread_blocked, id=9768, stack(0x0000000016d20000,0x0000000016e20000)]
  0x000000001649f000 JavaThread "pool-1-thread-3" [_thread_blocked, id=9712, stack(0x0000000016c20000,0x0000000016d20000)]
  0x0000000016496800 JavaThread "pool-1-thread-2" [_thread_blocked, id=9224, stack(0x0000000016b20000,0x0000000016c20000)]
  0x0000000016493800 JavaThread "pool-2-thread-1" [_thread_blocked, id=4540, stack(0x0000000016a20000,0x0000000016b20000)]
  0x0000000016491000 JavaThread "pool-1-thread-1" [_thread_blocked, id=5068, stack(0x0000000016920000,0x0000000016a20000)]
  0x000000001622d000 JavaThread "Service Thread" daemon [_thread_blocked, id=8096, stack(0x0000000016720000,0x0000000016820000)]
  0x0000000014b1e000 JavaThread "C1 CompilerThread2" daemon [_thread_in_native, id=5184, stack(0x0000000016620000,0x0000000016720000)]
=>0x0000000014b18000 JavaThread "C2 CompilerThread1" daemon [_thread_in_native, id=8292, stack(0x0000000016120000,0x0000000016220000)]
  0x0000000014abe800 JavaThread "C2 CompilerThread0" daemon [_thread_in_native, id=4416, stack(0x0000000016020000,0x0000000016120000)]
  0x0000000014abb000 JavaThread "Attach Listener" daemon [_thread_blocked, id=4504, stack(0x0000000015f20000,0x0000000016020000)]
  0x0000000014ab9800 JavaThread "Signal Dispatcher" daemon [_thread_blocked, id=8928, stack(0x0000000015e20000,0x0000000015f20000)]
  0x00000000023e6800 JavaThread "Finalizer" daemon [_thread_blocked, id=8248, stack(0x0000000015d20000,0x0000000015e20000)]
  0x00000000023de800 JavaThread "Reference Handler" daemon [_thread_blocked, id=9920, stack(0x0000000015c20000,0x0000000015d20000)]
  0x00000000022f0800 JavaThread "main" [_thread_in_vm, id=3840, stack(0x00000000021f0000,0x00000000022f0000)]

Other Threads:
  0x0000000014a86800 VMThread [stack: 0x0000000015b20000,0x0000000015c20000] [id=9356]
  0x000000001622e000 WatcherThread [stack: 0x0000000016820000,0x0000000016920000] [id=9580]

VM state:synchronizing (normal execution)

VM Mutex/Monitor currently owned by a thread:  ([mutex/lock_event])
[0x000000000095c8e0] Threads_lock - owner thread: 0x0000000014a86800

Heap:
 PSYoungGen      total 38400K, used 36628K [0x00000000eab00000, 0x00000000ed580000, 0x0000000100000000)
  eden space 33280K, 94% used [0x00000000eab00000,0x00000000ec9c9088,0x00000000ecb80000)
  from space 5120K, 99% used [0x00000000ecb80000,0x00000000ed07c038,0x00000000ed080000)
  to   space 5120K, 0% used [0x00000000ed080000,0x00000000ed080000,0x00000000ed580000)
 ParOldGen       total 87552K, used 1630K [0x00000000c0000000, 0x00000000c5580000, 0x00000000eab00000)
  object space 87552K, 1% used [0x00000000c0000000,0x00000000c0197aa0,0x00000000c5580000)
 Metaspace       used 6044K, capacity 7024K, committed 7296K, reserved 1056768K
  class space    used 590K, capacity 616K, committed 640K, reserved 1048576K

Card table byte_map: [0x00000000117b0000,0x00000000119c0000] byte_map_base: 0x00000000111b0000

Marking Bits: (ParMarkBitMap*) 0x0000000077f74040
 Begin Bits: [0x0000000011f20000, 0x0000000012f20000)
 End Bits:   [0x0000000012f20000, 0x0000000013f20000)

Polling page: 0x00000000008f0000

CodeCache: size=245760Kb used=5554Kb max_used=5554Kb free=240205Kb
 bounds [0x00000000023f0000, 0x0000000002970000, 0x00000000113f0000]
 total_blobs=1623 nmethods=1354 adapters=182
 compilation: enabled

Compilation events (10 events):
Event: 4.363 Thread 0x0000000014b1e000 1343       3       java.io.DataInputStream::<init> (30 bytes)
Event: 4.363 Thread 0x0000000014b1e000 nmethod 1343 0x000000000294fe10 code [0x000000000294ff80, 0x00000000029503d0]
Event: 4.366 Thread 0x0000000014b1e000 1344       3       com.android.dx.ssa.SCCP::replaceBranches (142 bytes)
Event: 4.368 Thread 0x0000000014b1e000 nmethod 1344 0x0000000002950550 code [0x00000000029507a0, 0x0000000002951768]
Event: 4.368 Thread 0x0000000014b1e000 1345       3       java.util.concurrent.locks.AbstractQueuedSynchronizer::setState (6 bytes)
Event: 4.369 Thread 0x0000000014b1e000 nmethod 1345 0x0000000002951ed0 code [0x0000000002952020, 0x0000000002952170]
Event: 4.369 Thread 0x0000000014b1e000 1346       3       java.util.concurrent.locks.AbstractQueuedSynchronizer::release (33 bytes)
Event: 4.369 Thread 0x0000000014b1e000 nmethod 1346 0x00000000029521d0 code [0x0000000002952340, 0x0000000002952658]
Event: 4.371 Thread 0x0000000014b1e000 1347       3       com.android.dx.rop.code.Rops::opGetField (97 bytes)
Event: 4.372 Thread 0x0000000014b1e000 nmethod 1347 0x0000000002952750 code [0x0000000002952980, 0x00000000029535f8]

GC Heap History (2 events):
Event: 4.094 GC heap before
{Heap before GC invocations=1 (full 0):
 PSYoungGen      total 38400K, used 33280K [0x00000000eab00000, 0x00000000ed580000, 0x0000000100000000)
  eden space 33280K, 100% used [0x00000000eab00000,0x00000000ecb80000,0x00000000ecb80000)
  from space 5120K, 0% used [0x00000000ed080000,0x00000000ed080000,0x00000000ed580000)
  to   space 5120K, 0% used [0x00000000ecb80000,0x00000000ecb80000,0x00000000ed080000)
 ParOldGen       total 87552K, used 0K [0x00000000c0000000, 0x00000000c5580000, 0x00000000eab00000)
  object space 87552K, 0% used [0x00000000c0000000,0x00000000c0000000,0x00000000c5580000)
 Metaspace       used 5984K, capacity 6960K, committed 7040K, reserved 1056768K
  class space    used 588K, capacity 616K, committed 640K, reserved 1048576K
Event: 4.326 GC heap after
Heap after GC invocations=1 (full 0):
 PSYoungGen      total 38400K, used 5104K [0x00000000eab00000, 0x00000000ed580000, 0x0000000100000000)
  eden space 33280K, 0% used [0x00000000eab00000,0x00000000eab00000,0x00000000ecb80000)
  from space 5120K, 99% used [0x00000000ecb80000,0x00000000ed07c038,0x00000000ed080000)
  to   space 5120K, 0% used [0x00000000ed080000,0x00000000ed080000,0x00000000ed580000)
 ParOldGen       total 87552K, used 1630K [0x00000000c0000000, 0x00000000c5580000, 0x00000000eab00000)
  object space 87552K, 1% used [0x00000000c0000000,0x00000000c0197aa0,0x00000000c5580000)
 Metaspace       used 5984K, capacity 6960K, committed 7040K, reserved 1056768K
  class space    used 588K, capacity 616K, committed 640K, reserved 1048576K
}

Deoptimization events (10 events):
Event: 3.167 Thread 0x000000001649b000 Uncommon trap: reason=class_check action=maybe_recompile pc=0x0000000002690e30 method=com.android.dx.ssa.NormalSsaInsn.accept(Lcom/android/dx/ssa/SsaInsn$Visitor;)V @ 9
Event: 3.167 Thread 0x000000001649b000 Uncommon trap: reason=class_check action=maybe_recompile pc=0x0000000002690e30 method=com.android.dx.ssa.NormalSsaInsn.accept(Lcom/android/dx/ssa/SsaInsn$Visitor;)V @ 9
Event: 3.167 Thread 0x000000001649b000 Uncommon trap: reason=class_check action=maybe_recompile pc=0x0000000002690e30 method=com.android.dx.ssa.NormalSsaInsn.accept(Lcom/android/dx/ssa/SsaInsn$Visitor;)V @ 9
Event: 3.167 Thread 0x000000001649b000 Uncommon trap: reason=class_check action=maybe_recompile pc=0x0000000002690e30 method=com.android.dx.ssa.NormalSsaInsn.accept(Lcom/android/dx/ssa/SsaInsn$Visitor;)V @ 9
Event: 3.556 Thread 0x0000000016496800 Uncommon trap: reason=bimorphic action=maybe_recompile pc=0x00000000026df440 method=java.util.HashMap.getNode(ILjava/lang/Object;)Ljava/util/HashMap$Node; @ 126
Event: 3.556 Thread 0x0000000016496800 Uncommon trap: reason=bimorphic action=maybe_recompile pc=0x00000000026df440 method=java.util.HashMap.getNode(ILjava/lang/Object;)Ljava/util/HashMap$Node; @ 126
Event: 3.556 Thread 0x0000000016496800 Uncommon trap: reason=bimorphic action=maybe_recompile pc=0x00000000026df440 method=java.util.HashMap.getNode(ILjava/lang/Object;)Ljava/util/HashMap$Node; @ 126
Event: 3.556 Thread 0x0000000016496800 Uncommon trap: reason=bimorphic action=maybe_recompile pc=0x00000000026df440 method=java.util.HashMap.getNode(ILjava/lang/Object;)Ljava/util/HashMap$Node; @ 126
Event: 3.556 Thread 0x0000000016496800 Uncommon trap: reason=bimorphic action=maybe_recompile pc=0x000000000264bfa0 method=java.util.HashMap.getNode(ILjava/lang/Object;)Ljava/util/HashMap$Node; @ 126
Event: 4.357 Thread 0x000000001649f000 Uncommon trap: reason=unstable_if action=reinterpret pc=0x000000000284ba3c method=com.android.dx.util.IntList.binarysearch(I)I @ 105

Internal exceptions (2 events):
Event: 0.095 Thread 0x00000000022f0800 Exception <a 'java/lang/NoSuchMethodError': Method sun.misc.Unsafe.defineClass(Ljava/lang/String;[BII)Ljava/lang/Class; name or signature does not match> (0x00000000eab12c20) thrown at [C:\re\workspace\8-2-build-windows-amd64-cygwin\jdk8u45\3627\hotspot\srÓs\¸?
Event: 0.095 Thread 0x00000000022f0800 Exception <a 'java/lang/NoSuchMethodError': Method sun.misc.Unsafe.prefetchRead(Ljava/lang/Object;J)V name or signature does not match> (0x00000000eab12eb0) thrown at [C:\re\workspace\8-2-build-windows-amd64-cygwin\jdk8u45\3627\hotspot\src\share\vm\prims\j

Events (10 events):
Event: 3.650 loading class java/util/regex/MatchResult
Event: 3.650 loading class java/util/regex/MatchResult done
Event: 3.650 loading class java/util/regex/Matcher done
Event: 3.871 Executing VM operation: ForceSafepoint
Event: 3.939 Executing VM operation: ForceSafepoint done
Event: 4.027 Executing VM operation: ParallelGCFailedAllocation
Event: 4.326 Executing VM operation: ParallelGCFailedAllocation done
Event: 4.357 Thread 0x000000001649f000 Uncommon trap: trap_request=0xffffff65 fr.pc=0x000000000284ba3c
Event: 4.357 Thread 0x000000001649f000 DEOPT PACKING pc=0x000000000284ba3c sp=0x0000000016d1e780
Event: 4.357 Thread 0x000000001649f000 DEOPT UNPACKING pc=0x000000000243582a sp=0x0000000016d1e6f8 mode 2


Dynamic libraries:
0x00007ff61e400000 - 0x00007ff61e437000 	C:\Program Files\Java\jdk1.8.0_45\bin\java.exe
0x00007ffbf0240000 - 0x00007ffbf03ec000 	C:\Windows\SYSTEM32\ntdll.dll
0x00007ffbefe70000 - 0x00007ffbeffae000 	C:\Windows\system32\KERNEL32.DLL
0x00007ffbed5d0000 - 0x00007ffbed6e5000 	C:\Windows\system32\KERNELBASE.dll
0x00007ffbebf40000 - 0x00007ffbebfce000 	C:\Windows\system32\apphelp.dll
0x00007ffbdf220000 - 0x00007ffbdf273000 	C:\Windows\AppPatch\AppPatch64\AcGenral.DLL
0x00007ffbefd00000 - 0x00007ffbefdaa000 	C:\Windows\system32\msvcrt.dll
0x00007ffbed1d0000 - 0x00007ffbed1fe000 	C:\Windows\SYSTEM32\SspiCli.dll
0x00007ffbeddb0000 - 0x00007ffbede04000 	C:\Windows\system32\SHLWAPI.dll
0x00007ffbf0050000 - 0x00007ffbf01c7000 	C:\Windows\system32\USER32.dll
0x00007ffbef670000 - 0x00007ffbef804000 	C:\Windows\system32\ole32.dll
0x00007ffbee000000 - 0x00007ffbef519000 	C:\Windows\system32\SHELL32.dll
0x00007ffbec940000 - 0x00007ffbec961000 	C:\Windows\SYSTEM32\USERENV.dll
0x00007ffbedf50000 - 0x00007ffbedffa000 	C:\Windows\system32\ADVAPI32.dll
0x00007ffbde2a0000 - 0x00007ffbde2be000 	C:\Windows\SYSTEM32\MPR.dll
0x00007ffbedc60000 - 0x00007ffbedda1000 	C:\Windows\system32\RPCRT4.dll
0x00007ffbef550000 - 0x00007ffbef5a9000 	C:\Windows\SYSTEM32\sechost.dll
0x00007ffbefae0000 - 0x00007ffbefcf1000 	C:\Windows\SYSTEM32\combase.dll
0x00007ffbef990000 - 0x00007ffbefae0000 	C:\Windows\system32\GDI32.dll
0x00007ffbed350000 - 0x00007ffbed365000 	C:\Windows\SYSTEM32\profapi.dll
0x00007ffbebe30000 - 0x00007ffbebee2000 	C:\Windows\SYSTEM32\SHCORE.dll
0x00007ffbf0010000 - 0x00007ffbf0046000 	C:\Windows\system32\IMM32.DLL
0x00007ffbef830000 - 0x00007ffbef982000 	C:\Windows\system32\MSCTF.dll
0x00007ffbe9fa0000 - 0x00007ffbea21a000 	C:\Windows\WinSxS\amd64_microsoft.windows.common-controls_6595b64144ccf1df_6.0.9600.17810_none_6240b9c7ecbd0bda\COMCTL32.dll
0x00000000502b0000 - 0x0000000050382000 	C:\Program Files\Java\jdk1.8.0_45\jre\bin\msvcr100.dll
0x0000000077770000 - 0x0000000077ff3000 	C:\Program Files\Java\jdk1.8.0_45\jre\bin\server\jvm.dll
0x00007ffbe3f50000 - 0x00007ffbe3f59000 	C:\Windows\SYSTEM32\WSOCK32.dll
0x00007ffbeb080000 - 0x00007ffbeb0a2000 	C:\Windows\SYSTEM32\WINMM.dll
0x00007ffbeb0b0000 - 0x00007ffbeb0ba000 	C:\Windows\SYSTEM32\VERSION.dll
0x00007ffbedee0000 - 0x00007ffbedee7000 	C:\Windows\system32\PSAPI.DLL
0x00007ffbedef0000 - 0x00007ffbedf4a000 	C:\Windows\system32\WS2_32.dll
0x00007ffbea980000 - 0x00007ffbea9aa000 	C:\Windows\SYSTEM32\WINMMBASE.dll
0x00007ffbef540000 - 0x00007ffbef549000 	C:\Windows\system32\NSI.dll
0x00007ffbed470000 - 0x00007ffbed4bf000 	C:\Windows\SYSTEM32\cfgmgr32.dll
0x00007ffbec1a0000 - 0x00007ffbec1c8000 	C:\Windows\SYSTEM32\DEVOBJ.dll
0x0000000052e00000 - 0x0000000052e0f000 	C:\Program Files\Java\jdk1.8.0_45\jre\bin\verify.dll
0x00000000506d0000 - 0x00000000506f9000 	C:\Program Files\Java\jdk1.8.0_45\jre\bin\java.dll
0x0000000052de0000 - 0x0000000052df6000 	C:\Program Files\Java\jdk1.8.0_45\jre\bin\zip.dll
0x00007ffbdd740000 - 0x00007ffbdd8c9000 	C:\Windows\SYSTEM32\dbghelp.dll

VM Arguments:
jvm_args: -Xmx1024M -Dfile.encoding=windows-1250 -Duser.country=PL -Duser.language=pl -Duser.variant 
java_command: com.android.dx.command.Main --dex --num-threads=4 --output C:\Users\Stanis³aw\AndroidStudioProjects\Currencybrowser\app\build\intermediates\pre-dexed\debug\hamcrest-all-1.1-d15c3267191249b0f7cc8b0e5d1a775d753707a6.jar C:\Users\Stanis³aw\.gradle\caches\modules-2\files-2.1\org.hamcrest\hamcrest-all\1.1\2ddcad726ed88eab63eb6666c60970db0ac6d44e\hamcrest-all-1.1.jar
java_class_path (initial): C:\Users\Stanis³aw\AppData\Local\Android\sdk\build-tools\23.0.0-preview\lib\dx.jar
Launcher Type: SUN_STANDARD

Environment Variables:
JAVA_HOME=C:\Program Files\Java\jdk1.8.0_45
PATH=C:\ProgramData\Oracle\Java\javapath;C:\Program Files (x86)\NVIDIA Corporation\PhysX\Common;C:\Program Files (x86)\Intel\iCLS Client\;C:\Program Files\Intel\iCLS Client\;C:\Windows\system32;C:\Windows;C:\Windows\System32\Wbem;C:\Windows\System32\WindowsPowerShell\v1.0\;C:\Program Files\Intel\Intel(R) Management Engine Components\DAL;C:\Program Files\Intel\Intel(R) Management Engine Components\IPT;C:\Program Files (x86)\Intel\Intel(R) Management Engine Components\DAL;C:\Program Files (x86)\Intel\Intel(R) Management Engine Components\IPT;C:\Program Files (x86)\Skype\Phone\;C:\Program Files (x86)\Microsoft SQL Server\100\Tools\Binn\;C:\Program Files\Microsoft SQL Server\100\Tools\Binn\;C:\Program Files\Microsoft SQL Server\100\DTS\Binn\;C:\Program Files (x86)\Microsoft SQL Server\80\Tools\Binn\;C:\Program Files\TortoiseSVN\bin;C:\Program Files (x86)\Git\cmd;C:\Ruby22\bin
USERNAME=Stanis³aw
OS=Windows_NT
PROCESSOR_IDENTIFIER=Intel64 Family 6 Model 69 Stepping 1, GenuineIntel



---------------  S Y S T E M  ---------------

OS: Windows 8.1 , 64 bit Build 9600 (6.3.9600.17415)

CPU:total 4 (2 cores per cpu, 2 threads per core) family 6 model 69 stepping 1, cmov, cx8, fxsr, mmx, sse, sse2, sse3, ssse3, sse4.1, sse4.2, popcnt, avx, avx2, aes, clmul, erms, lzcnt, ht, tsc, tscinvbit, bmi1, bmi2

Memory: 4k page, physical 8277272k(1148396k free), swap 11685144k(513148k free)

vm_info: Java HotSpot(TM) 64-Bit Server VM (25.45-b02) for windows-amd64 JRE (1.8.0_45-b15), built on Apr 30 2015 12:40:44 by "java_re" with MS VC++ 10.0 (VS2010)

time: Wed Aug 05 17:23:17 2015
elapsed time: 5 seconds (0d 0h 0m 5s)

